============================================================================================================================================
DETAILED COMPARISON:   TRUE Bitmap vs Post-Filter (With Distance Scores)
============================================================================================================================================

Timestamp: 2025-12-18 12:43:46.312421
Log file: detailed_comparison_20251218_124346.log
Results file: detailed_comparison_20251218_124346.json
============================================================================================================================================

[1/4] Initializing engine...

[2/4] Test queries: 3
  1. 'laptop computer high quality'
  2. 'wireless bluetooth headphones'
  3. 'gaming mouse RGB'

[3/4] Defining test cases...

Total test cases: 6

[4/4] Running experiments...
============================================================================================================================================

============================================================================================================================================
QUERY 1/3: 'laptop computer high quality'
============================================================================================================================================

--------------------------------------------------------------------------------------------------------------------------------------------
TEST 1/6: price > $2000
--------------------------------------------------------------------------------------------------------------------------------------------
  Filter: price > $2000
  Type: numeric
  Matching items (sampled): ~19 (0.02% selectivity)

  >>> STRATEGY 1: TRUE Bitmap Filter (Global HNSW)

  TRUE Bitmap Results (k=3):
  Rank   | Item ID  | Distance   | Price      | Title                                              | Filter
  ------|----------|------------|------------|----------------------------------------------------|-------
  1      | 660990   | 0.9745     | $2499.11   | Item #660990                                       | ✅     
  2      | 727334   | 0.9829     | $2020.94   | Item #727334                                       | ✅     
  3      | 616318   | 1.0608     | $60576.05  | Item #616318                                       | ✅     

  Avg distance: 1.0061
  Filter pass rate: 3/3 ✅
  Time: 11.780ms

  >>> STRATEGY 2: Post-Filter HNSW
  No results or error

  ────────────────────────────────────────────────────────────────────────────────────────────────────────────────────────────────────────
  DETAILED COMPARISON:
    Cannot compare (insufficient results)
  ────────────────────────────────────────────────────────────────────────────────────────────────────────────────────────────────────────

--------------------------------------------------------------------------------------------------------------------------------------------
TEST 2/6: price > $500
--------------------------------------------------------------------------------------------------------------------------------------------
  Filter: price > $500
  Type: numeric
  Matching items (sampled): ~170 (0.17% selectivity)

  >>> STRATEGY 1: TRUE Bitmap Filter (Global HNSW)

  TRUE Bitmap Results (k=10):
  Rank   | Item ID  | Distance   | Price      | Title                                              | Filter
  ------|----------|------------|------------|----------------------------------------------------|-------
  1      | 710077   | 0.8764     | $1049.97   | Item #710077                                       | ✅     
  2      | 747804   | 0.8922     | $888.00    | Item #747804                                       | ✅     
  3      | 764612   | 0.8975     | $617.19    | Item #764612                                       | ✅     
  4      | 593482   | 0.8985     | $629.83    | Item #593482                                       | ✅     
  5      | 504688   | 0.9028     | $599.99    | Item #504688                                       | ✅     
  6      | 767751   | 0.9030     | $800.00    | Item #767751                                       | ✅     
  7      | 495903   | 0.9069     | $760.00    | Item #495903                                       | ✅     
  8      | 540584   | 0.9151     | $749.95    | Item #540584                                       | ✅     
  9      | 646064   | 0.9170     | $849.49    | Item #646064                                       | ✅     
  10     | 435662   | 0.9206     | $650.00    | Item #435662                                       | ✅     

  Avg distance: 0.9030
  Filter pass rate: 10/10 ✅
  Time: 1.328ms

  >>> STRATEGY 2: Post-Filter HNSW

  Post-Filter Results (k=10):
  Rank   | Item ID  | Distance   | Price      | Title                                              | Filter
  ------|----------|------------|------------|----------------------------------------------------|-------
  1      | 710077   | 0.8764     | $1049.97   | Item #710077                                       | ✅     
  2      | 747804   | 0.8922     | $888.00    | Item #747804                                       | ✅     
  3      | 764612   | 0.8975     | $617.19    | Item #764612                                       | ✅     
  4      | 593482   | 0.8985     | $629.83    | Item #593482                                       | ✅     
  5      | 504688   | 0.9028     | $599.99    | Item #504688                                       | ✅     
  6      | 495903   | 0.9069     | $760.00    | Item #495903                                       | ✅     
  7      | 540584   | 0.9151     | $749.95    | Item #540584                                       | ✅     
  8      | 646064   | 0.9170     | $849.49    | Item #646064                                       | ✅     
  9      | 435662   | 0.9206     | $650.00    | Item #435662                                       | ✅     
  10     | 760531   | 0.9259     | $529.00    | Item #760531                                       | ✅     

  Avg distance: 0.9053
  Filter pass rate: 10/10 ✅
  Time: 8.068ms

  ────────────────────────────────────────────────────────────────────────────────────────────────────────────────────────────────────────
  DETAILED COMPARISON:
    Common items: 9/10 (90.0% overlap)
    TRUE Bitmap avg distance: 0.9030
    Post-Filter avg distance:   0.9053
    ✅ TRUE Bitmap found closer items (0.3% better)
    Items only in TRUE Bitmap: [767751]
    Items only in Post-Filter: [np.int64(760531)]

    Filter correctness:
      TRUE Bitmap: ✅ 10/10 pass filter
      Post-Filter: ✅ 10/10 pass filter

    Performance:
      TRUE Bitmap:      1.328ms
      Post-Filter:      8.068ms
      Winner: TRUE Bitmap (6.08x faster)
  ────────────────────────────────────────────────────────────────────────────────────────────────────────────────────────────────────────

--------------------------------------------------------------------------------------------------------------------------------------------
TEST 3/6: price > $200
--------------------------------------------------------------------------------------------------------------------------------------------
  Filter: price > $200
  Type: numeric
  Matching items (sampled): ~748 (0.75% selectivity)

  >>> STRATEGY 1: TRUE Bitmap Filter (Global HNSW)

  TRUE Bitmap Results (k=10):
  Rank   | Item ID  | Distance   | Price      | Title                                              | Filter
  ------|----------|------------|------------|----------------------------------------------------|-------
  1      | 341500   | 0.8662     | $339.08    | Item #341500                                       | ✅     
  2      | 345286   | 0.8683     | $294.23    | Item #345286                                       | ✅     
  3      | 533631   | 0.8720     | $349.99    | Item #533631                                       | ✅     
  4      | 710077   | 0.8764     | $1049.97   | Item #710077                                       | ✅     
  5      | 390712   | 0.8813     | $299.90    | Item #390712                                       | ✅     
  6      | 703807   | 0.8886     | $245.36    | Item #703807                                       | ✅     
  7      | 772791   | 0.8890     | $242.40    | Item #772791                                       | ✅     
  8      | 630257   | 0.8902     | $449.99    | Item #630257                                       | ✅     
  9      | 703805   | 0.8906     | $269.49    | Item #703805                                       | ✅     
  10     | 747804   | 0.8922     | $888.00    | Item #747804                                       | ✅     

  Avg distance: 0.8815
  Filter pass rate: 10/10 ✅
  Time: 2.540ms

  >>> STRATEGY 2: Post-Filter HNSW

  Post-Filter Results (k=10):
  Rank   | Item ID  | Distance   | Price      | Title                                              | Filter
  ------|----------|------------|------------|----------------------------------------------------|-------
  1      | 341500   | 0.8662     | $339.08    | Item #341500                                       | ✅     
  2      | 345286   | 0.8683     | $294.23    | Item #345286                                       | ✅     
  3      | 533631   | 0.8720     | $349.99    | Item #533631                                       | ✅     
  4      | 710077   | 0.8764     | $1049.97   | Item #710077                                       | ✅     
  5      | 390712   | 0.8813     | $299.90    | Item #390712                                       | ✅     
  6      | 703807   | 0.8886     | $245.36    | Item #703807                                       | ✅     
  7      | 772791   | 0.8890     | $242.40    | Item #772791                                       | ✅     
  8      | 630257   | 0.8902     | $449.99    | Item #630257                                       | ✅     
  9      | 703805   | 0.8906     | $269.49    | Item #703805                                       | ✅     
  10     | 747804   | 0.8922     | $888.00    | Item #747804                                       | ✅     

  Avg distance: 0.8815
  Filter pass rate: 10/10 ✅
  Time: 8.303ms

  ────────────────────────────────────────────────────────────────────────────────────────────────────────────────────────────────────────
  DETAILED COMPARISON:
    Common items: 10/10 (100.0% overlap)
    TRUE Bitmap avg distance: 0.8815
    Post-Filter avg distance:   0.8815
    ⚖️  Same average distance

    Filter correctness:
      TRUE Bitmap: ✅ 10/10 pass filter
      Post-Filter: ✅ 10/10 pass filter

    Performance:
      TRUE Bitmap:      2.540ms
      Post-Filter:      8.303ms
      Winner: TRUE Bitmap (3.27x faster)
  ────────────────────────────────────────────────────────────────────────────────────────────────────────────────────────────────────────

--------------------------------------------------------------------------------------------------------------------------------------------
TEST 4/6: price > $100
--------------------------------------------------------------------------------------------------------------------------------------------
  Filter: price > $100
  Type: numeric
  Matching items (sampled): ~1,892 (1.89% selectivity)

  >>> STRATEGY 1: TRUE Bitmap Filter (Global HNSW)

  TRUE Bitmap Results (k=10):
  Rank   | Item ID  | Distance   | Price      | Title                                              | Filter
  ------|----------|------------|------------|----------------------------------------------------|-------
  1      | 341500   | 0.8662     | $339.08    | Item #341500                                       | ✅     
  2      | 345286   | 0.8683     | $294.23    | Item #345286                                       | ✅     
  3      | 744905   | 0.8694     | $143.21    | Item #744905                                       | ✅     
  4      | 490991   | 0.8701     | $168.51    | Item #490991                                       | ✅     
  5      | 533631   | 0.8720     | $349.99    | Item #533631                                       | ✅     
  6      | 710077   | 0.8764     | $1049.97   | Item #710077                                       | ✅     
  7      | 569095   | 0.8806     | $199.00    | Item #569095                                       | ✅     
  8      | 390712   | 0.8813     | $299.90    | Item #390712                                       | ✅     
  9      | 97606    | 0.8863     | $139.00    | Item #97606                                        | ✅     
  10     | 703807   | 0.8886     | $245.36    | Item #703807                                       | ✅     

  Avg distance: 0.8759
  Filter pass rate: 10/10 ✅
  Time: 3.397ms

  >>> STRATEGY 2: Post-Filter HNSW

  Post-Filter Results (k=10):
  Rank   | Item ID  | Distance   | Price      | Title                                              | Filter
  ------|----------|------------|------------|----------------------------------------------------|-------
  1      | 341500   | 0.8662     | $339.08    | Item #341500                                       | ✅     
  2      | 345286   | 0.8683     | $294.23    | Item #345286                                       | ✅     
  3      | 744905   | 0.8694     | $143.21    | Item #744905                                       | ✅     
  4      | 490991   | 0.8701     | $168.51    | Item #490991                                       | ✅     
  5      | 533631   | 0.8720     | $349.99    | Item #533631                                       | ✅     
  6      | 710077   | 0.8764     | $1049.97   | Item #710077                                       | ✅     
  7      | 569095   | 0.8806     | $199.00    | Item #569095                                       | ✅     
  8      | 390712   | 0.8813     | $299.90    | Item #390712                                       | ✅     
  9      | 97606    | 0.8863     | $139.00    | Item #97606                                        | ✅     
  10     | 703807   | 0.8886     | $245.36    | Item #703807                                       | ✅     

  Avg distance: 0.8759
  Filter pass rate: 10/10 ✅
  Time: 8.225ms

  ────────────────────────────────────────────────────────────────────────────────────────────────────────────────────────────────────────
  DETAILED COMPARISON:
    Common items: 10/10 (100.0% overlap)
    TRUE Bitmap avg distance: 0.8759
    Post-Filter avg distance:   0.8759
    ⚖️  Same average distance

    Filter correctness:
      TRUE Bitmap: ✅ 10/10 pass filter
      Post-Filter: ✅ 10/10 pass filter

    Performance:
      TRUE Bitmap:      3.397ms
      Post-Filter:      8.225ms
      Winner: TRUE Bitmap (2.42x faster)
  ────────────────────────────────────────────────────────────────────────────────────────────────────────────────────────────────────────

--------------------------------------------------------------------------------------------------------------------------------------------
TEST 5/6: price > $50
--------------------------------------------------------------------------------------------------------------------------------------------
  Filter: price > $50
  Type: numeric
  Matching items (sampled): ~3,886 (3.89% selectivity)

  >>> STRATEGY 1: TRUE Bitmap Filter (Global HNSW)

  TRUE Bitmap Results (k=10):
  Rank   | Item ID  | Distance   | Price      | Title                                              | Filter
  ------|----------|------------|------------|----------------------------------------------------|-------
  1      | 341500   | 0.8662     | $339.08    | Item #341500                                       | ✅     
  2      | 345286   | 0.8683     | $294.23    | Item #345286                                       | ✅     
  3      | 744905   | 0.8694     | $143.21    | Item #744905                                       | ✅     
  4      | 490991   | 0.8701     | $168.51    | Item #490991                                       | ✅     
  5      | 533631   | 0.8720     | $349.99    | Item #533631                                       | ✅     
  6      | 703453   | 0.8754     | $78.83     | Item #703453                                       | ✅     
  7      | 710077   | 0.8764     | $1049.97   | Item #710077                                       | ✅     
  8      | 569095   | 0.8806     | $199.00    | Item #569095                                       | ✅     
  9      | 390712   | 0.8813     | $299.90    | Item #390712                                       | ✅     
  10     | 97606    | 0.8863     | $139.00    | Item #97606                                        | ✅     

  Avg distance: 0.8746
  Filter pass rate: 10/10 ✅
  Time: 5.116ms

  >>> STRATEGY 2: Post-Filter HNSW

  Post-Filter Results (k=10):
  Rank   | Item ID  | Distance   | Price      | Title                                              | Filter
  ------|----------|------------|------------|----------------------------------------------------|-------
  1      | 341500   | 0.8662     | $339.08    | Item #341500                                       | ✅     
  2      | 345286   | 0.8683     | $294.23    | Item #345286                                       | ✅     
  3      | 744905   | 0.8694     | $143.21    | Item #744905                                       | ✅     
  4      | 490991   | 0.8701     | $168.51    | Item #490991                                       | ✅     
  5      | 533631   | 0.8720     | $349.99    | Item #533631                                       | ✅     
  6      | 703453   | 0.8754     | $78.83     | Item #703453                                       | ✅     
  7      | 710077   | 0.8764     | $1049.97   | Item #710077                                       | ✅     
  8      | 569095   | 0.8806     | $199.00    | Item #569095                                       | ✅     
  9      | 390712   | 0.8813     | $299.90    | Item #390712                                       | ✅     
  10     | 97606    | 0.8863     | $139.00    | Item #97606                                        | ✅     

  Avg distance: 0.8746
  Filter pass rate: 10/10 ✅
  Time: 7.849ms

  ────────────────────────────────────────────────────────────────────────────────────────────────────────────────────────────────────────
  DETAILED COMPARISON:
    Common items: 10/10 (100.0% overlap)
    TRUE Bitmap avg distance: 0.8746
    Post-Filter avg distance:   0.8746
    ⚖️  Same average distance

    Filter correctness:
      TRUE Bitmap: ✅ 10/10 pass filter
      Post-Filter: ✅ 10/10 pass filter

    Performance:
      TRUE Bitmap:      5.116ms
      Post-Filter:      7.849ms
      Winner: TRUE Bitmap (1.53x faster)
  ────────────────────────────────────────────────────────────────────────────────────────────────────────────────────────────────────────

--------------------------------------------------------------------------------------------------------------------------------------------
TEST 6/6: price > $25
--------------------------------------------------------------------------------------------------------------------------------------------
  Filter: price > $25
  Type: numeric
  Matching items (sampled): ~7,103 (7.10% selectivity)

  >>> STRATEGY 1: TRUE Bitmap Filter (Global HNSW)

  TRUE Bitmap Results (k=10):
  Rank   | Item ID  | Distance   | Price      | Title                                              | Filter
  ------|----------|------------|------------|----------------------------------------------------|-------
  1      | 341500   | 0.8662     | $339.08    | Item #341500                                       | ✅     
  2      | 345286   | 0.8683     | $294.23    | Item #345286                                       | ✅     
  3      | 744905   | 0.8694     | $143.21    | Item #744905                                       | ✅     
  4      | 490991   | 0.8701     | $168.51    | Item #490991                                       | ✅     
  5      | 533631   | 0.8720     | $349.99    | Item #533631                                       | ✅     
  6      | 703453   | 0.8754     | $78.83     | Item #703453                                       | ✅     
  7      | 710077   | 0.8764     | $1049.97   | Item #710077                                       | ✅     
  8      | 569095   | 0.8806     | $199.00    | Item #569095                                       | ✅     
  9      | 390712   | 0.8813     | $299.90    | Item #390712                                       | ✅     
  10     | 97606    | 0.8863     | $139.00    | Item #97606                                        | ✅     

  Avg distance: 0.8746
  Filter pass rate: 10/10 ✅
  Time: 9.227ms

  >>> STRATEGY 2: Post-Filter HNSW

  Post-Filter Results (k=10):
  Rank   | Item ID  | Distance   | Price      | Title                                              | Filter
  ------|----------|------------|------------|----------------------------------------------------|-------
  1      | 341500   | 0.8662     | $339.08    | Item #341500                                       | ✅     
  2      | 345286   | 0.8683     | $294.23    | Item #345286                                       | ✅     
  3      | 744905   | 0.8694     | $143.21    | Item #744905                                       | ✅     
  4      | 490991   | 0.8701     | $168.51    | Item #490991                                       | ✅     
  5      | 533631   | 0.8720     | $349.99    | Item #533631                                       | ✅     
  6      | 703453   | 0.8754     | $78.83     | Item #703453                                       | ✅     
  7      | 710077   | 0.8764     | $1049.97   | Item #710077                                       | ✅     
  8      | 569095   | 0.8806     | $199.00    | Item #569095                                       | ✅     
  9      | 390712   | 0.8813     | $299.90    | Item #390712                                       | ✅     
  10     | 97606    | 0.8863     | $139.00    | Item #97606                                        | ✅     

  Avg distance: 0.8746
  Filter pass rate: 10/10 ✅
  Time: 7.636ms

  ────────────────────────────────────────────────────────────────────────────────────────────────────────────────────────────────────────
  DETAILED COMPARISON:
    Common items: 10/10 (100.0% overlap)
    TRUE Bitmap avg distance: 0.8746
    Post-Filter avg distance:   0.8746
    ⚖️  Same average distance

    Filter correctness:
      TRUE Bitmap: ✅ 10/10 pass filter
      Post-Filter: ✅ 10/10 pass filter

    Performance:
      TRUE Bitmap:      9.227ms
      Post-Filter:      7.636ms
      Winner:  Post-Filter (1.21x faster)
  ────────────────────────────────────────────────────────────────────────────────────────────────────────────────────────────────────────

============================================================================================================================================
QUERY 2/3: 'wireless bluetooth headphones'
============================================================================================================================================

--------------------------------------------------------------------------------------------------------------------------------------------
TEST 1/6: price > $2000
--------------------------------------------------------------------------------------------------------------------------------------------
  Filter: price > $2000
  Type: numeric
  Matching items (sampled): ~19 (0.02% selectivity)

  >>> STRATEGY 1: TRUE Bitmap Filter (Global HNSW)
  No results or error

  >>> STRATEGY 2: Post-Filter HNSW
  No results or error

  ────────────────────────────────────────────────────────────────────────────────────────────────────────────────────────────────────────
  DETAILED COMPARISON:
    Cannot compare (insufficient results)
  ────────────────────────────────────────────────────────────────────────────────────────────────────────────────────────────────────────

--------------------------------------------------------------------------------------------------------------------------------------------
TEST 2/6: price > $500
--------------------------------------------------------------------------------------------------------------------------------------------
  Filter: price > $500
  Type: numeric
  Matching items (sampled): ~170 (0.17% selectivity)

  >>> STRATEGY 1: TRUE Bitmap Filter (Global HNSW)

  TRUE Bitmap Results (k=1):
  Rank   | Item ID  | Distance   | Price      | Title                                              | Filter
  ------|----------|------------|------------|----------------------------------------------------|-------
  1      | 713646   | 0.9224     | $614.22    | Item #713646                                       | ✅     

  Avg distance: 0.9224
  Filter pass rate: 1/1 ✅
  Time: 1.253ms

  >>> STRATEGY 2: Post-Filter HNSW
  No results or error

  ────────────────────────────────────────────────────────────────────────────────────────────────────────────────────────────────────────
  DETAILED COMPARISON:
    Cannot compare (insufficient results)
  ────────────────────────────────────────────────────────────────────────────────────────────────────────────────────────────────────────

--------------------------------------------------------------------------------------------------------------------------------------------
TEST 3/6: price > $200
--------------------------------------------------------------------------------------------------------------------------------------------
  Filter: price > $200
  Type: numeric
  Matching items (sampled): ~748 (0.75% selectivity)

  >>> STRATEGY 1: TRUE Bitmap Filter (Global HNSW)

  TRUE Bitmap Results (k=10):
  Rank   | Item ID  | Distance   | Price      | Title                                              | Filter
  ------|----------|------------|------------|----------------------------------------------------|-------
  1      | 773787   | 0.8296     | $219.40    | Item #773787                                       | ✅     
  2      | 577936   | 0.8450     | $249.99    | Item #577936                                       | ✅     
  3      | 725154   | 0.8456     | $404.87    | Item #725154                                       | ✅     
  4      | 204104   | 0.8763     | $494.00    | Item #204104                                       | ✅     
  5      | 577937   | 0.8785     | $299.99    | Item #577937                                       | ✅     
  6      | 683717   | 0.8861     | $249.00    | Item #683717                                       | ✅     
  7      | 673547   | 0.9010     | $329.00    | Item #673547                                       | ✅     
  8      | 713646   | 0.9224     | $614.22    | Item #713646                                       | ✅     
  9      | 413786   | 0.9515     | $399.98    | Item #413786                                       | ✅     
  10     | 563513   | 0.9666     | $329.00    | Item #563513                                       | ✅     

  Avg distance: 0.8902
  Filter pass rate: 10/10 ✅
  Time: 2.309ms

  >>> STRATEGY 2: Post-Filter HNSW
  No results or error

  ────────────────────────────────────────────────────────────────────────────────────────────────────────────────────────────────────────
  DETAILED COMPARISON:
    Cannot compare (insufficient results)
  ────────────────────────────────────────────────────────────────────────────────────────────────────────────────────────────────────────

--------------------------------------------------------------------------------------------------------------------------------------------
TEST 4/6: price > $100
--------------------------------------------------------------------------------------------------------------------------------------------
  Filter: price > $100
  Type: numeric
  Matching items (sampled): ~1,892 (1.89% selectivity)

  >>> STRATEGY 1: TRUE Bitmap Filter (Global HNSW)

  TRUE Bitmap Results (k=10):
  Rank   | Item ID  | Distance   | Price      | Title                                              | Filter
  ------|----------|------------|------------|----------------------------------------------------|-------
  1      | 356692   | 0.7601     | $140.63    | Item #356692                                       | ✅     
  2      | 508634   | 0.8054     | $109.99    | Item #508634                                       | ✅     
  3      | 773787   | 0.8296     | $219.40    | Item #773787                                       | ✅     
  4      | 650838   | 0.8330     | $139.95    | Item #650838                                       | ✅     
  5      | 523636   | 0.8409     | $181.55    | Item #523636                                       | ✅     
  6      | 577936   | 0.8450     | $249.99    | Item #577936                                       | ✅     
  7      | 725154   | 0.8456     | $404.87    | Item #725154                                       | ✅     
  8      | 562011   | 0.8488     | $179.95    | Item #562011                                       | ✅     
  9      | 691700   | 0.8730     | $179.95    | Item #691700                                       | ✅     
  10     | 204104   | 0.8763     | $494.00    | Item #204104                                       | ✅     

  Avg distance: 0.8358
  Filter pass rate: 10/10 ✅
  Time: 6.555ms

  >>> STRATEGY 2: Post-Filter HNSW

  Post-Filter Results (k=2):
  Rank   | Item ID  | Distance   | Price      | Title                                              | Filter
  ------|----------|------------|------------|----------------------------------------------------|-------
  1      | 356692   | 0.7601     | $140.63    | Item #356692                                       | ✅     
  2      | 508634   | 0.8054     | $109.99    | Item #508634                                       | ✅     

  Avg distance: 0.7828
  Filter pass rate: 2/2 ✅
  Time: 7.920ms

  ────────────────────────────────────────────────────────────────────────────────────────────────────────────────────────────────────────
  DETAILED COMPARISON:
    Common items: 2/10 (20.0% overlap)
    TRUE Bitmap avg distance: 0.8358
    Post-Filter avg distance:   0.7828
    ✅ Post-Filter found closer items (6.8% better)
    Items only in TRUE Bitmap: [725154, 204104, 577936, 523636, 691700, 650838, 562011, 773787]

    Filter correctness:
      TRUE Bitmap: ✅ 10/10 pass filter
      Post-Filter: ✅ 2/2 pass filter

    Performance:
      TRUE Bitmap:      6.555ms
      Post-Filter:      7.920ms
      Winner: TRUE Bitmap (1.21x faster)
  ────────────────────────────────────────────────────────────────────────────────────────────────────────────────────────────────────────

--------------------------------------------------------------------------------------------------------------------------------------------
TEST 5/6: price > $50
--------------------------------------------------------------------------------------------------------------------------------------------
  Filter: price > $50
  Type: numeric
  Matching items (sampled): ~3,886 (3.89% selectivity)

  >>> STRATEGY 1: TRUE Bitmap Filter (Global HNSW)

  TRUE Bitmap Results (k=10):
  Rank   | Item ID  | Distance   | Price      | Title                                              | Filter
  ------|----------|------------|------------|----------------------------------------------------|-------
  1      | 731639   | 0.7066     | $75.59     | Item #731639                                       | ✅     
  2      | 134818   | 0.7539     | $83.45     | Item #134818                                       | ✅     
  3      | 356692   | 0.7601     | $140.63    | Item #356692                                       | ✅     
  4      | 708096   | 0.7695     | $59.83     | Item #708096                                       | ✅     
  5      | 626311   | 0.7796     | $99.95     | Item #626311                                       | ✅     
  6      | 680126   | 0.7839     | $53.53     | Item #680126                                       | ✅     
  7      | 356695   | 0.7911     | $91.85     | Item #356695                                       | ✅     
  8      | 697587   | 0.7955     | $59.40     | Item #697587                                       | ✅     
  9      | 649967   | 0.7993     | $94.95     | Item #649967                                       | ✅     
  10     | 508634   | 0.8054     | $109.99    | Item #508634                                       | ✅     

  Avg distance: 0.7745
  Filter pass rate: 10/10 ✅
  Time: 6.125ms

  >>> STRATEGY 2: Post-Filter HNSW

  Post-Filter Results (k=8):
  Rank   | Item ID  | Distance   | Price      | Title                                              | Filter
  ------|----------|------------|------------|----------------------------------------------------|-------
  1      | 731639   | 0.7066     | $75.59     | Item #731639                                       | ✅     
  2      | 134818   | 0.7539     | $83.45     | Item #134818                                       | ✅     
  3      | 356692   | 0.7601     | $140.63    | Item #356692                                       | ✅     
  4      | 708096   | 0.7695     | $59.83     | Item #708096                                       | ✅     
  5      | 626311   | 0.7796     | $99.95     | Item #626311                                       | ✅     
  6      | 680126   | 0.7839     | $53.53     | Item #680126                                       | ✅     
  7      | 697587   | 0.7955     | $59.40     | Item #697587                                       | ✅     
  8      | 649967   | 0.7993     | $94.95     | Item #649967                                       | ✅     

  Avg distance: 0.7685
  Filter pass rate: 8/8 ✅
  Time: 8.291ms

  ────────────────────────────────────────────────────────────────────────────────────────────────────────────────────────────────────────
  DETAILED COMPARISON:
    Common items: 8/10 (80.0% overlap)
    TRUE Bitmap avg distance: 0.7745
    Post-Filter avg distance:   0.7685
    ✅ Post-Filter found closer items (0.8% better)
    Items only in TRUE Bitmap: [508634, 356695]

    Filter correctness:
      TRUE Bitmap: ✅ 10/10 pass filter
      Post-Filter: ✅ 8/8 pass filter

    Performance:
      TRUE Bitmap:      6.125ms
      Post-Filter:      8.291ms
      Winner: TRUE Bitmap (1.35x faster)
  ────────────────────────────────────────────────────────────────────────────────────────────────────────────────────────────────────────

--------------------------------------------------------------------------------------------------------------------------------------------
TEST 6/6: price > $25
--------------------------------------------------------------------------------------------------------------------------------------------
  Filter: price > $25
  Type: numeric
  Matching items (sampled): ~7,103 (7.10% selectivity)

  >>> STRATEGY 1: TRUE Bitmap Filter (Global HNSW)

  TRUE Bitmap Results (k=10):
  Rank   | Item ID  | Distance   | Price      | Title                                              | Filter
  ------|----------|------------|------------|----------------------------------------------------|-------
  1      | 718567   | 0.7060     | $50.00     | Item #718567                                       | ✅     
  2      | 731639   | 0.7066     | $75.59     | Item #731639                                       | ✅     
  3      | 572297   | 0.7263     | $39.95     | Item #572297                                       | ✅     
  4      | 633227   | 0.7513     | $25.95     | Item #633227                                       | ✅     
  5      | 134818   | 0.7539     | $83.45     | Item #134818                                       | ✅     
  6      | 356692   | 0.7601     | $140.63    | Item #356692                                       | ✅     
  7      | 692428   | 0.7629     | $36.99     | Item #692428                                       | ✅     
  8      | 708096   | 0.7695     | $59.83     | Item #708096                                       | ✅     
  9      | 626311   | 0.7796     | $99.95     | Item #626311                                       | ✅     
  10     | 680126   | 0.7839     | $53.53     | Item #680126                                       | ✅     

  Avg distance: 0.7500
  Filter pass rate: 10/10 ✅
  Time: 11.526ms

  >>> STRATEGY 2: Post-Filter HNSW

  Post-Filter Results (k=7):
  Rank   | Item ID  | Distance   | Price      | Title                                              | Filter
  ------|----------|------------|------------|----------------------------------------------------|-------
  1      | 718567   | 0.7060     | $50.00     | Item #718567                                       | ✅     
  2      | 731639   | 0.7066     | $75.59     | Item #731639                                       | ✅     
  3      | 572297   | 0.7263     | $39.95     | Item #572297                                       | ✅     
  4      | 633227   | 0.7513     | $25.95     | Item #633227                                       | ✅     
  5      | 134818   | 0.7539     | $83.45     | Item #134818                                       | ✅     
  6      | 356692   | 0.7601     | $140.63    | Item #356692                                       | ✅     
  7      | 692428   | 0.7629     | $36.99     | Item #692428                                       | ✅     

  Avg distance: 0.7381
  Filter pass rate: 7/7 ✅
  Time: 9.330ms

  ────────────────────────────────────────────────────────────────────────────────────────────────────────────────────────────────────────
  DETAILED COMPARISON:
    Common items: 7/10 (70.0% overlap)
    TRUE Bitmap avg distance: 0.7500
    Post-Filter avg distance:   0.7381
    ✅ Post-Filter found closer items (1.6% better)
    Items only in TRUE Bitmap: [708096, 680126, 626311]

    Filter correctness:
      TRUE Bitmap: ✅ 10/10 pass filter
      Post-Filter: ✅ 7/7 pass filter

    Performance:
      TRUE Bitmap:     11.526ms
      Post-Filter:      9.330ms
      Winner:  Post-Filter (1.24x faster)
  ────────────────────────────────────────────────────────────────────────────────────────────────────────────────────────────────────────

============================================================================================================================================
QUERY 3/3: 'gaming mouse RGB'
============================================================================================================================================

--------------------------------------------------------------------------------------------------------------------------------------------
TEST 1/6: price > $2000
--------------------------------------------------------------------------------------------------------------------------------------------
  Filter: price > $2000
  Type: numeric
  Matching items (sampled): ~19 (0.02% selectivity)

  >>> STRATEGY 1: TRUE Bitmap Filter (Global HNSW)

  TRUE Bitmap Results (k=1):
  Rank   | Item ID  | Distance   | Price      | Title                                              | Filter
  ------|----------|------------|------------|----------------------------------------------------|-------
  1      | 564270   | 0.8223     | $4444.00   | Item #564270                                       | ✅     

  Avg distance: 0.8223
  Filter pass rate: 1/1 ✅
  Time: 7.825ms

  >>> STRATEGY 2: Post-Filter HNSW

  Post-Filter Results (k=1):
  Rank   | Item ID  | Distance   | Price      | Title                                              | Filter
  ------|----------|------------|------------|----------------------------------------------------|-------
  1      | 564270   | 0.8223     | $4444.00   | Item #564270                                       | ✅     

  Avg distance: 0.8223
  Filter pass rate: 1/1 ✅
  Time: 9.127ms

  ────────────────────────────────────────────────────────────────────────────────────────────────────────────────────────────────────────
  DETAILED COMPARISON:
    Common items: 1/10 (100.0% overlap)
    TRUE Bitmap avg distance: 0.8223
    Post-Filter avg distance:   0.8223
    ⚖️  Same average distance

    Filter correctness:
      TRUE Bitmap: ✅ 1/1 pass filter
      Post-Filter: ✅ 1/1 pass filter

    Performance:
      TRUE Bitmap:      7.825ms
      Post-Filter:      9.127ms
      Winner: TRUE Bitmap (1.17x faster)
  ────────────────────────────────────────────────────────────────────────────────────────────────────────────────────────────────────────

--------------------------------------------------------------------------------------------------------------------------------------------
TEST 2/6: price > $500
--------------------------------------------------------------------------------------------------------------------------------------------
  Filter: price > $500
  Type: numeric
  Matching items (sampled): ~170 (0.17% selectivity)

  >>> STRATEGY 1: TRUE Bitmap Filter (Global HNSW)

  TRUE Bitmap Results (k=5):
  Rank   | Item ID  | Distance   | Price      | Title                                              | Filter
  ------|----------|------------|------------|----------------------------------------------------|-------
  1      | 564270   | 0.8223     | $4444.00   | Item #564270                                       | ✅     
  2      | 772960   | 0.9159     | $999.99    | Item #772960                                       | ✅     
  3      | 339066   | 1.0205     | $899.95    | Item #339066                                       | ✅     
  4      | 528497   | 1.1574     | $1499.00   | Item #528497                                       | ✅     
  5      | 207141   | 1.1946     | $560.00    | Item #207141                                       | ✅     

  Avg distance: 1.0221
  Filter pass rate: 5/5 ✅
  Time: 1.242ms

  >>> STRATEGY 2: Post-Filter HNSW

  Post-Filter Results (k=2):
  Rank   | Item ID  | Distance   | Price      | Title                                              | Filter
  ------|----------|------------|------------|----------------------------------------------------|-------
  1      | 564270   | 0.8223     | $4444.00   | Item #564270                                       | ✅     
  2      | 772960   | 0.9159     | $999.99    | Item #772960                                       | ✅     

  Avg distance: 0.8691
  Filter pass rate: 2/2 ✅
  Time: 9.193ms

  ────────────────────────────────────────────────────────────────────────────────────────────────────────────────────────────────────────
  DETAILED COMPARISON:
    Common items: 2/10 (40.0% overlap)
    TRUE Bitmap avg distance: 1.0221
    Post-Filter avg distance:   0.8691
    ✅ Post-Filter found closer items (17.6% better)
    Items only in TRUE Bitmap: [528497, 339066, 207141]

    Filter correctness:
      TRUE Bitmap: ✅ 5/5 pass filter
      Post-Filter: ✅ 2/2 pass filter

    Performance:
      TRUE Bitmap:      1.242ms
      Post-Filter:      9.193ms
      Winner: TRUE Bitmap (7.40x faster)
  ────────────────────────────────────────────────────────────────────────────────────────────────────────────────────────────────────────

--------------------------------------------------------------------------------------------------------------------------------------------
TEST 3/6: price > $200
--------------------------------------------------------------------------------------------------------------------------------------------
  Filter: price > $200
  Type: numeric
  Matching items (sampled): ~748 (0.75% selectivity)

  >>> STRATEGY 1: TRUE Bitmap Filter (Global HNSW)

  TRUE Bitmap Results (k=9):
  Rank   | Item ID  | Distance   | Price      | Title                                              | Filter
  ------|----------|------------|------------|----------------------------------------------------|-------
  1      | 564270   | 0.8223     | $4444.00   | Item #564270                                       | ✅     
  2      | 772960   | 0.9159     | $999.99    | Item #772960                                       | ✅     
  3      | 116693   | 0.9186     | $498.99    | Item #116693                                       | ✅     
  4      | 759280   | 1.0097     | $243.79    | Item #759280                                       | ✅     
  5      | 122597   | 1.0184     | $277.51    | Item #122597                                       | ✅     
  6      | 339066   | 1.0205     | $899.95    | Item #339066                                       | ✅     
  7      | 17482    | 1.1308     | $397.96    | Item #17482                                        | ✅     
  8      | 528497   | 1.1574     | $1499.00   | Item #528497                                       | ✅     
  9      | 207141   | 1.1946     | $560.00    | Item #207141                                       | ✅     

  Avg distance: 1.0209
  Filter pass rate: 9/9 ✅
  Time: 1.963ms

  >>> STRATEGY 2: Post-Filter HNSW

  Post-Filter Results (k=3):
  Rank   | Item ID  | Distance   | Price      | Title                                              | Filter
  ------|----------|------------|------------|----------------------------------------------------|-------
  1      | 564270   | 0.8223     | $4444.00   | Item #564270                                       | ✅     
  2      | 772960   | 0.9159     | $999.99    | Item #772960                                       | ✅     
  3      | 116693   | 0.9186     | $498.99    | Item #116693                                       | ✅     

  Avg distance: 0.8856
  Filter pass rate: 3/3 ✅
  Time: 8.907ms

  ────────────────────────────────────────────────────────────────────────────────────────────────────────────────────────────────────────
  DETAILED COMPARISON:
    Common items: 3/10 (33.3% overlap)
    TRUE Bitmap avg distance: 1.0209
    Post-Filter avg distance:   0.8856
    ✅ Post-Filter found closer items (15.3% better)
    Items only in TRUE Bitmap: [207141, 122597, 17482, 759280, 528497, 339066]

    Filter correctness:
      TRUE Bitmap: ✅ 9/9 pass filter
      Post-Filter: ✅ 3/3 pass filter

    Performance:
      TRUE Bitmap:      1.963ms
      Post-Filter:      8.907ms
      Winner: TRUE Bitmap (4.54x faster)
  ────────────────────────────────────────────────────────────────────────────────────────────────────────────────────────────────────────

--------------------------------------------------------------------------------------------------------------------------------------------
TEST 4/6: price > $100
--------------------------------------------------------------------------------------------------------------------------------------------
  Filter: price > $100
  Type: numeric
  Matching items (sampled): ~1,892 (1.89% selectivity)

  >>> STRATEGY 1: TRUE Bitmap Filter (Global HNSW)

  TRUE Bitmap Results (k=10):
  Rank   | Item ID  | Distance   | Price      | Title                                              | Filter
  ------|----------|------------|------------|----------------------------------------------------|-------
  1      | 564270   | 0.8223     | $4444.00   | Item #564270                                       | ✅     
  2      | 772960   | 0.9159     | $999.99    | Item #772960                                       | ✅     
  3      | 116693   | 0.9186     | $498.99    | Item #116693                                       | ✅     
  4      | 759280   | 1.0097     | $243.79    | Item #759280                                       | ✅     
  5      | 732784   | 1.0156     | $109.95    | Item #732784                                       | ✅     
  6      | 122597   | 1.0184     | $277.51    | Item #122597                                       | ✅     
  7      | 339066   | 1.0205     | $899.95    | Item #339066                                       | ✅     
  8      | 361518   | 1.0286     | $115.24    | Item #361518                                       | ✅     
  9      | 429468   | 1.0395     | $109.36    | Item #429468                                       | ✅     
  10     | 247828   | 1.0740     | $110.43    | Item #247828                                       | ✅     

  Avg distance: 0.9863
  Filter pass rate: 10/10 ✅
  Time: 3.163ms

  >>> STRATEGY 2: Post-Filter HNSW

  Post-Filter Results (k=3):
  Rank   | Item ID  | Distance   | Price      | Title                                              | Filter
  ------|----------|------------|------------|----------------------------------------------------|-------
  1      | 564270   | 0.8223     | $4444.00   | Item #564270                                       | ✅     
  2      | 772960   | 0.9159     | $999.99    | Item #772960                                       | ✅     
  3      | 116693   | 0.9186     | $498.99    | Item #116693                                       | ✅     

  Avg distance: 0.8856
  Filter pass rate: 3/3 ✅
  Time: 8.996ms

  ────────────────────────────────────────────────────────────────────────────────────────────────────────────────────────────────────────
  DETAILED COMPARISON:
    Common items: 3/10 (30.0% overlap)
    TRUE Bitmap avg distance: 0.9863
    Post-Filter avg distance:   0.8856
    ✅ Post-Filter found closer items (11.4% better)
    Items only in TRUE Bitmap: [122597, 361518, 732784, 759280, 247828, 339066, 429468]

    Filter correctness:
      TRUE Bitmap: ✅ 10/10 pass filter
      Post-Filter: ✅ 3/3 pass filter

    Performance:
      TRUE Bitmap:      3.163ms
      Post-Filter:      8.996ms
      Winner: TRUE Bitmap (2.84x faster)
  ────────────────────────────────────────────────────────────────────────────────────────────────────────────────────────────────────────

--------------------------------------------------------------------------------------------------------------------------------------------
TEST 5/6: price > $50
--------------------------------------------------------------------------------------------------------------------------------------------
  Filter: price > $50
  Type: numeric
  Matching items (sampled): ~3,886 (3.89% selectivity)

  >>> STRATEGY 1: TRUE Bitmap Filter (Global HNSW)

  TRUE Bitmap Results (k=10):
  Rank   | Item ID  | Distance   | Price      | Title                                              | Filter
  ------|----------|------------|------------|----------------------------------------------------|-------
  1      | 564270   | 0.8223     | $4444.00   | Item #564270                                       | ✅     
  2      | 545770   | 0.8434     | $50.98     | Item #545770                                       | ✅     
  3      | 74221    | 0.8738     | $89.99     | Item #74221                                        | ✅     
  4      | 772960   | 0.9159     | $999.99    | Item #772960                                       | ✅     
  5      | 116693   | 0.9186     | $498.99    | Item #116693                                       | ✅     
  6      | 203317   | 0.9369     | $69.99     | Item #203317                                       | ✅     
  7      | 341070   | 0.9712     | $59.00     | Item #341070                                       | ✅     
  8      | 628124   | 0.9980     | $58.35     | Item #628124                                       | ✅     
  9      | 277635   | 1.0049     | $95.44     | Item #277635                                       | ✅     
  10     | 666758   | 1.0050     | $65.71     | Item #666758                                       | ✅     

  Avg distance: 0.9290
  Filter pass rate: 10/10 ✅
  Time: 4.859ms

  >>> STRATEGY 2: Post-Filter HNSW

  Post-Filter Results (k=4):
  Rank   | Item ID  | Distance   | Price      | Title                                              | Filter
  ------|----------|------------|------------|----------------------------------------------------|-------
  1      | 564270   | 0.8223     | $4444.00   | Item #564270                                       | ✅     
  2      | 545770   | 0.8434     | $50.98     | Item #545770                                       | ✅     
  3      | 772960   | 0.9159     | $999.99    | Item #772960                                       | ✅     
  4      | 116693   | 0.9186     | $498.99    | Item #116693                                       | ✅     

  Avg distance: 0.8750
  Filter pass rate: 4/4 ✅
  Time: 7.940ms

  ────────────────────────────────────────────────────────────────────────────────────────────────────────────────────────────────────────
  DETAILED COMPARISON:
    Common items: 4/10 (40.0% overlap)
    TRUE Bitmap avg distance: 0.9290
    Post-Filter avg distance:   0.8750
    ✅ Post-Filter found closer items (6.2% better)
    Items only in TRUE Bitmap: [277635, 666758, 74221, 341070, 203317, 628124]

    Filter correctness:
      TRUE Bitmap: ✅ 10/10 pass filter
      Post-Filter: ✅ 4/4 pass filter

    Performance:
      TRUE Bitmap:      4.859ms
      Post-Filter:      7.940ms
      Winner: TRUE Bitmap (1.63x faster)
  ────────────────────────────────────────────────────────────────────────────────────────────────────────────────────────────────────────

--------------------------------------------------------------------------------------------------------------------------------------------
TEST 6/6: price > $25
--------------------------------------------------------------------------------------------------------------------------------------------
  Filter: price > $25
  Type: numeric
  Matching items (sampled): ~7,103 (7.10% selectivity)

  >>> STRATEGY 1: TRUE Bitmap Filter (Global HNSW)

  TRUE Bitmap Results (k=10):
  Rank   | Item ID  | Distance   | Price      | Title                                              | Filter
  ------|----------|------------|------------|----------------------------------------------------|-------
  1      | 564270   | 0.8223     | $4444.00   | Item #564270                                       | ✅     
  2      | 545770   | 0.8434     | $50.98     | Item #545770                                       | ✅     
  3      | 68898    | 0.8464     | $40.00     | Item #68898                                        | ✅     
  4      | 389344   | 0.8667     | $48.70     | Item #389344                                       | ✅     
  5      | 74221    | 0.8738     | $89.99     | Item #74221                                        | ✅     
  6      | 772960   | 0.9159     | $999.99    | Item #772960                                       | ✅     
  7      | 116693   | 0.9186     | $498.99    | Item #116693                                       | ✅     
  8      | 756748   | 0.9335     | $26.50     | Item #756748                                       | ✅     
  9      | 668456   | 0.9352     | $29.99     | Item #668456                                       | ✅     
  10     | 203317   | 0.9369     | $69.99     | Item #203317                                       | ✅     

  Avg distance: 0.8893
  Filter pass rate: 10/10 ✅
  Time: 8.398ms

  >>> STRATEGY 2: Post-Filter HNSW

  Post-Filter Results (k=4):
  Rank   | Item ID  | Distance   | Price      | Title                                              | Filter
  ------|----------|------------|------------|----------------------------------------------------|-------
  1      | 564270   | 0.8223     | $4444.00   | Item #564270                                       | ✅     
  2      | 545770   | 0.8434     | $50.98     | Item #545770                                       | ✅     
  3      | 68898    | 0.8464     | $40.00     | Item #68898                                        | ✅     
  4      | 389344   | 0.8667     | $48.70     | Item #389344                                       | ✅     

  Avg distance: 0.8447
  Filter pass rate: 4/4 ✅
  Time: 7.191ms

  ────────────────────────────────────────────────────────────────────────────────────────────────────────────────────────────────────────
  DETAILED COMPARISON:
    Common items: 4/10 (40.0% overlap)
    TRUE Bitmap avg distance: 0.8893
    Post-Filter avg distance:   0.8447
    ✅ Post-Filter found closer items (5.3% better)
    Items only in TRUE Bitmap: [772960, 668456, 756748, 74221, 116693, 203317]

    Filter correctness:
      TRUE Bitmap: ✅ 10/10 pass filter
      Post-Filter: ✅ 4/4 pass filter

    Performance:
      TRUE Bitmap:      8.398ms
      Post-Filter:      7.191ms
      Winner:  Post-Filter (1.17x faster)
  ────────────────────────────────────────────────────────────────────────────────────────────────────────────────────────────────────────

============================================================================================================================================
📊 SUMMARY
============================================================================================================================================

Query                          | Filter               | Sel%   | TRUE(ms)   | POST(ms)   | Overlap  | Winner         
--------------------------------------------------------------------------------------------------------------------------------------------
laptop computer high quality   | price > $500         |  0.17% |     1.328 |     8.068 |   90.0% | TRUE Bitmap    
laptop computer high quality   | price > $200         |  0.75% |     2.540 |     8.303 |  100.0% | TRUE Bitmap    
laptop computer high quality   | price > $100         |  1.89% |     3.397 |     8.225 |  100.0% | TRUE Bitmap    
laptop computer high quality   | price > $50          |  3.89% |     5.116 |     7.849 |  100.0% | TRUE Bitmap    
laptop computer high quality   | price > $25          |  7.10% |     9.227 |     7.636 |  100.0% | Post-Filter    
wireless bluetooth headphone   | price > $100         |  1.89% |     6.555 |     7.920 |   20.0% | TRUE Bitmap    
wireless bluetooth headphone   | price > $50          |  3.89% |     6.125 |     8.291 |   80.0% | TRUE Bitmap    
wireless bluetooth headphone   | price > $25          |  7.10% |    11.526 |     9.330 |   70.0% | Post-Filter    
gaming mouse RGB               | price > $2000        |  0.02% |     7.825 |     9.127 |  100.0% | TRUE Bitmap    
gaming mouse RGB               | price > $500         |  0.17% |     1.242 |     9.193 |   40.0% | TRUE Bitmap    
gaming mouse RGB               | price > $200         |  0.75% |     1.963 |     8.907 |   33.3% | TRUE Bitmap    
gaming mouse RGB               | price > $100         |  1.89% |     3.163 |     8.996 |   30.0% | TRUE Bitmap    
gaming mouse RGB               | price > $50          |  3.89% |     4.859 |     7.940 |   40.0% | TRUE Bitmap    
gaming mouse RGB               | price > $25          |  7.10% |     8.398 |     7.191 |   40.0% | Post-Filter    

============================================================================================================================================
Experiment complete! Results saved to:
  - Log:    detailed_comparison_20251218_124346.log
  - JSON:  detailed_comparison_20251218_124346.json
============================================================================================================================================
