========================================================================================================================
COMPREHENSIVE EXPERIMENT: Pre-Filter vs Post-Filter
========================================================================================================================

Timestamp: 2025-12-17 21:11:18.784201
Log file: experiment_results_20251217_211118.log
Results file: experiment_results_20251217_211118.json

Testing:
  Strategies: Pre-Filter HNSW vs Post-Filter HNSW
  Filter Types:  Categorical vs Numeric
  Cache Status: Cached vs Not Cached
========================================================================================================================

[1/4] Initializing engine...

[2/4] Examining what's cached...

Cache Statistics:
  Total cached indexes: 7
  Categorical cached: 0
  Numeric cached: 7

  Categorical cache keys (first 10):

  Numeric cache keys:
    - price>25
    - price>50
    - price>75
    - price>100
    - price>150
    - price>200
    - price>300

[3/4] Test query: 'high quality laptop computer'

[4/4] Running 7 test cases...
========================================================================================================================

========================================================================================================================
TEST 1/7:  Categorical - Cached (Electronics)
========================================================================================================================
  Type: categorical
  Cached: True
  Matching items: 0 (0.00%)
  Cache key: 'Electronics'
  Actually in cache: False

  >>> STRATEGY 1: PRE-FILTER HNSW
      âš ï¸  NOT IN CACHE - Building temp index...
      No matching items - skipping index build
      Total time: 1.54ms
      Results: 0/10 items

  >>> STRATEGY 2: POST-FILTER HNSW
      Total time: 1.63ms
      Results:  0/10 items

  â”€â”€â”€â”€â”€â”€â”€â”€â”€â”€â”€â”€â”€â”€â”€â”€â”€â”€â”€â”€â”€â”€â”€â”€â”€â”€â”€â”€â”€â”€â”€â”€â”€â”€â”€â”€â”€â”€â”€â”€â”€â”€â”€â”€â”€â”€â”€â”€â”€â”€â”€â”€â”€â”€â”€â”€â”€â”€â”€â”€â”€â”€â”€â”€â”€â”€â”€â”€â”€â”€â”€â”€â”€â”€â”€â”€â”€â”€â”€â”€â”€â”€â”€â”€â”€â”€â”€â”€â”€â”€â”€â”€â”€â”€â”€â”€â”€â”€â”€â”€â”€â”€â”€â”€â”€â”€â”€â”€â”€â”€
  COMPARISON:
  â”€â”€â”€â”€â”€â”€â”€â”€â”€â”€â”€â”€â”€â”€â”€â”€â”€â”€â”€â”€â”€â”€â”€â”€â”€â”€â”€â”€â”€â”€â”€â”€â”€â”€â”€â”€â”€â”€â”€â”€â”€â”€â”€â”€â”€â”€â”€â”€â”€â”€â”€â”€â”€â”€â”€â”€â”€â”€â”€â”€â”€â”€â”€â”€â”€â”€â”€â”€â”€â”€â”€â”€â”€â”€â”€â”€â”€â”€â”€â”€â”€â”€â”€â”€â”€â”€â”€â”€â”€â”€â”€â”€â”€â”€â”€â”€â”€â”€â”€â”€â”€â”€â”€â”€â”€â”€â”€â”€â”€â”€
    Pre-Filter:        1.54ms
    Post-Filter:      1.63ms
    Winner: Pre-Filter (1.1x faster)
  â”€â”€â”€â”€â”€â”€â”€â”€â”€â”€â”€â”€â”€â”€â”€â”€â”€â”€â”€â”€â”€â”€â”€â”€â”€â”€â”€â”€â”€â”€â”€â”€â”€â”€â”€â”€â”€â”€â”€â”€â”€â”€â”€â”€â”€â”€â”€â”€â”€â”€â”€â”€â”€â”€â”€â”€â”€â”€â”€â”€â”€â”€â”€â”€â”€â”€â”€â”€â”€â”€â”€â”€â”€â”€â”€â”€â”€â”€â”€â”€â”€â”€â”€â”€â”€â”€â”€â”€â”€â”€â”€â”€â”€â”€â”€â”€â”€â”€â”€â”€â”€â”€â”€â”€â”€â”€â”€â”€â”€â”€

========================================================================================================================
TEST 2/7:  Categorical - Cached (Computers)
========================================================================================================================
  Type: categorical
  Cached: True
  Matching items: 3,605 (7.21%)
  Cache key: 'Computers'
  Actually in cache: False

  >>> STRATEGY 1: PRE-FILTER HNSW
      âš ï¸  NOT IN CACHE - Building temp index...
      Built temp HNSW:  28.1ms
      Total time: 635.95ms
      Results: 10/10 items

  >>> STRATEGY 2: POST-FILTER HNSW
      Total time: 66.60ms
      Results:  10/10 items

  â”€â”€â”€â”€â”€â”€â”€â”€â”€â”€â”€â”€â”€â”€â”€â”€â”€â”€â”€â”€â”€â”€â”€â”€â”€â”€â”€â”€â”€â”€â”€â”€â”€â”€â”€â”€â”€â”€â”€â”€â”€â”€â”€â”€â”€â”€â”€â”€â”€â”€â”€â”€â”€â”€â”€â”€â”€â”€â”€â”€â”€â”€â”€â”€â”€â”€â”€â”€â”€â”€â”€â”€â”€â”€â”€â”€â”€â”€â”€â”€â”€â”€â”€â”€â”€â”€â”€â”€â”€â”€â”€â”€â”€â”€â”€â”€â”€â”€â”€â”€â”€â”€â”€â”€â”€â”€â”€â”€â”€â”€
  COMPARISON:
  â”€â”€â”€â”€â”€â”€â”€â”€â”€â”€â”€â”€â”€â”€â”€â”€â”€â”€â”€â”€â”€â”€â”€â”€â”€â”€â”€â”€â”€â”€â”€â”€â”€â”€â”€â”€â”€â”€â”€â”€â”€â”€â”€â”€â”€â”€â”€â”€â”€â”€â”€â”€â”€â”€â”€â”€â”€â”€â”€â”€â”€â”€â”€â”€â”€â”€â”€â”€â”€â”€â”€â”€â”€â”€â”€â”€â”€â”€â”€â”€â”€â”€â”€â”€â”€â”€â”€â”€â”€â”€â”€â”€â”€â”€â”€â”€â”€â”€â”€â”€â”€â”€â”€â”€â”€â”€â”€â”€â”€â”€
    Pre-Filter:      635.95ms
    Post-Filter:     66.60ms
    Winner: Post-Filter (9.5x faster)
  â”€â”€â”€â”€â”€â”€â”€â”€â”€â”€â”€â”€â”€â”€â”€â”€â”€â”€â”€â”€â”€â”€â”€â”€â”€â”€â”€â”€â”€â”€â”€â”€â”€â”€â”€â”€â”€â”€â”€â”€â”€â”€â”€â”€â”€â”€â”€â”€â”€â”€â”€â”€â”€â”€â”€â”€â”€â”€â”€â”€â”€â”€â”€â”€â”€â”€â”€â”€â”€â”€â”€â”€â”€â”€â”€â”€â”€â”€â”€â”€â”€â”€â”€â”€â”€â”€â”€â”€â”€â”€â”€â”€â”€â”€â”€â”€â”€â”€â”€â”€â”€â”€â”€â”€â”€â”€â”€â”€â”€â”€

========================================================================================================================
TEST 3/7:  Categorical - NOT Cached (Rare)
========================================================================================================================
  Type: categorical
  Cached: False
  Matching items: 0 (0.00%)
  Cache key: 'RareTestAttribute999'
  Actually in cache: False

  >>> STRATEGY 1: PRE-FILTER HNSW
      âš ï¸  NOT IN CACHE - Building temp index...
      No matching items - skipping index build
      Total time: 1.56ms
      Results: 0/10 items

  >>> STRATEGY 2: POST-FILTER HNSW
      Total time: 0.71ms
      Results:  0/10 items

  â”€â”€â”€â”€â”€â”€â”€â”€â”€â”€â”€â”€â”€â”€â”€â”€â”€â”€â”€â”€â”€â”€â”€â”€â”€â”€â”€â”€â”€â”€â”€â”€â”€â”€â”€â”€â”€â”€â”€â”€â”€â”€â”€â”€â”€â”€â”€â”€â”€â”€â”€â”€â”€â”€â”€â”€â”€â”€â”€â”€â”€â”€â”€â”€â”€â”€â”€â”€â”€â”€â”€â”€â”€â”€â”€â”€â”€â”€â”€â”€â”€â”€â”€â”€â”€â”€â”€â”€â”€â”€â”€â”€â”€â”€â”€â”€â”€â”€â”€â”€â”€â”€â”€â”€â”€â”€â”€â”€â”€â”€
  COMPARISON:
  â”€â”€â”€â”€â”€â”€â”€â”€â”€â”€â”€â”€â”€â”€â”€â”€â”€â”€â”€â”€â”€â”€â”€â”€â”€â”€â”€â”€â”€â”€â”€â”€â”€â”€â”€â”€â”€â”€â”€â”€â”€â”€â”€â”€â”€â”€â”€â”€â”€â”€â”€â”€â”€â”€â”€â”€â”€â”€â”€â”€â”€â”€â”€â”€â”€â”€â”€â”€â”€â”€â”€â”€â”€â”€â”€â”€â”€â”€â”€â”€â”€â”€â”€â”€â”€â”€â”€â”€â”€â”€â”€â”€â”€â”€â”€â”€â”€â”€â”€â”€â”€â”€â”€â”€â”€â”€â”€â”€â”€â”€
    Pre-Filter:        1.56ms
    Post-Filter:      0.71ms
    Winner: Post-Filter (2.2x faster)
  â”€â”€â”€â”€â”€â”€â”€â”€â”€â”€â”€â”€â”€â”€â”€â”€â”€â”€â”€â”€â”€â”€â”€â”€â”€â”€â”€â”€â”€â”€â”€â”€â”€â”€â”€â”€â”€â”€â”€â”€â”€â”€â”€â”€â”€â”€â”€â”€â”€â”€â”€â”€â”€â”€â”€â”€â”€â”€â”€â”€â”€â”€â”€â”€â”€â”€â”€â”€â”€â”€â”€â”€â”€â”€â”€â”€â”€â”€â”€â”€â”€â”€â”€â”€â”€â”€â”€â”€â”€â”€â”€â”€â”€â”€â”€â”€â”€â”€â”€â”€â”€â”€â”€â”€â”€â”€â”€â”€â”€â”€

========================================================================================================================
TEST 4/7:  Numeric - Cached (price > $100)
========================================================================================================================
  Type: numeric
  Cached: True
  Matching items: 916 (1.83%)
  Cache key: 'price>100'
  Actually in cache: True

  >>> STRATEGY 1: PRE-FILTER HNSW
      Total time: 0.20ms
      Results: 10/10 items

  >>> STRATEGY 2: POST-FILTER HNSW
      Total time: 1.12ms
      Results:  3/10 items

  â”€â”€â”€â”€â”€â”€â”€â”€â”€â”€â”€â”€â”€â”€â”€â”€â”€â”€â”€â”€â”€â”€â”€â”€â”€â”€â”€â”€â”€â”€â”€â”€â”€â”€â”€â”€â”€â”€â”€â”€â”€â”€â”€â”€â”€â”€â”€â”€â”€â”€â”€â”€â”€â”€â”€â”€â”€â”€â”€â”€â”€â”€â”€â”€â”€â”€â”€â”€â”€â”€â”€â”€â”€â”€â”€â”€â”€â”€â”€â”€â”€â”€â”€â”€â”€â”€â”€â”€â”€â”€â”€â”€â”€â”€â”€â”€â”€â”€â”€â”€â”€â”€â”€â”€â”€â”€â”€â”€â”€â”€
  COMPARISON:
  â”€â”€â”€â”€â”€â”€â”€â”€â”€â”€â”€â”€â”€â”€â”€â”€â”€â”€â”€â”€â”€â”€â”€â”€â”€â”€â”€â”€â”€â”€â”€â”€â”€â”€â”€â”€â”€â”€â”€â”€â”€â”€â”€â”€â”€â”€â”€â”€â”€â”€â”€â”€â”€â”€â”€â”€â”€â”€â”€â”€â”€â”€â”€â”€â”€â”€â”€â”€â”€â”€â”€â”€â”€â”€â”€â”€â”€â”€â”€â”€â”€â”€â”€â”€â”€â”€â”€â”€â”€â”€â”€â”€â”€â”€â”€â”€â”€â”€â”€â”€â”€â”€â”€â”€â”€â”€â”€â”€â”€â”€
    Pre-Filter:        0.20ms
    Post-Filter:      1.12ms
    Winner: Pre-Filter (5.7x faster)
  â”€â”€â”€â”€â”€â”€â”€â”€â”€â”€â”€â”€â”€â”€â”€â”€â”€â”€â”€â”€â”€â”€â”€â”€â”€â”€â”€â”€â”€â”€â”€â”€â”€â”€â”€â”€â”€â”€â”€â”€â”€â”€â”€â”€â”€â”€â”€â”€â”€â”€â”€â”€â”€â”€â”€â”€â”€â”€â”€â”€â”€â”€â”€â”€â”€â”€â”€â”€â”€â”€â”€â”€â”€â”€â”€â”€â”€â”€â”€â”€â”€â”€â”€â”€â”€â”€â”€â”€â”€â”€â”€â”€â”€â”€â”€â”€â”€â”€â”€â”€â”€â”€â”€â”€â”€â”€â”€â”€â”€â”€

========================================================================================================================
TEST 5/7:  Numeric - Cached (price > $200)
========================================================================================================================
  Type: numeric
  Cached: True
  Matching items: 365 (0.73%)
  Cache key: 'price>200'
  Actually in cache: True

  >>> STRATEGY 1: PRE-FILTER HNSW
      Total time: 0.13ms
      Results: 10/10 items

  >>> STRATEGY 2: POST-FILTER HNSW
      Total time: 0.82ms
      Results:  1/10 items

  â”€â”€â”€â”€â”€â”€â”€â”€â”€â”€â”€â”€â”€â”€â”€â”€â”€â”€â”€â”€â”€â”€â”€â”€â”€â”€â”€â”€â”€â”€â”€â”€â”€â”€â”€â”€â”€â”€â”€â”€â”€â”€â”€â”€â”€â”€â”€â”€â”€â”€â”€â”€â”€â”€â”€â”€â”€â”€â”€â”€â”€â”€â”€â”€â”€â”€â”€â”€â”€â”€â”€â”€â”€â”€â”€â”€â”€â”€â”€â”€â”€â”€â”€â”€â”€â”€â”€â”€â”€â”€â”€â”€â”€â”€â”€â”€â”€â”€â”€â”€â”€â”€â”€â”€â”€â”€â”€â”€â”€â”€
  COMPARISON:
  â”€â”€â”€â”€â”€â”€â”€â”€â”€â”€â”€â”€â”€â”€â”€â”€â”€â”€â”€â”€â”€â”€â”€â”€â”€â”€â”€â”€â”€â”€â”€â”€â”€â”€â”€â”€â”€â”€â”€â”€â”€â”€â”€â”€â”€â”€â”€â”€â”€â”€â”€â”€â”€â”€â”€â”€â”€â”€â”€â”€â”€â”€â”€â”€â”€â”€â”€â”€â”€â”€â”€â”€â”€â”€â”€â”€â”€â”€â”€â”€â”€â”€â”€â”€â”€â”€â”€â”€â”€â”€â”€â”€â”€â”€â”€â”€â”€â”€â”€â”€â”€â”€â”€â”€â”€â”€â”€â”€â”€â”€
    Pre-Filter:        0.13ms
    Post-Filter:      0.82ms
    Winner: Pre-Filter (6.2x faster)
  â”€â”€â”€â”€â”€â”€â”€â”€â”€â”€â”€â”€â”€â”€â”€â”€â”€â”€â”€â”€â”€â”€â”€â”€â”€â”€â”€â”€â”€â”€â”€â”€â”€â”€â”€â”€â”€â”€â”€â”€â”€â”€â”€â”€â”€â”€â”€â”€â”€â”€â”€â”€â”€â”€â”€â”€â”€â”€â”€â”€â”€â”€â”€â”€â”€â”€â”€â”€â”€â”€â”€â”€â”€â”€â”€â”€â”€â”€â”€â”€â”€â”€â”€â”€â”€â”€â”€â”€â”€â”€â”€â”€â”€â”€â”€â”€â”€â”€â”€â”€â”€â”€â”€â”€â”€â”€â”€â”€â”€â”€

========================================================================================================================
TEST 6/7:  Numeric - NOT Cached (price > $137)
========================================================================================================================
  Type: numeric
  Cached: False
  Matching items: 664 (1.33%)
  Cache key: 'price>137'
  Actually in cache: False

  >>> STRATEGY 1: PRE-FILTER HNSW
      Total time: 6.57ms
      Results: 10/10 items

  >>> STRATEGY 2: POST-FILTER HNSW
      Total time: 0.87ms
      Results:  2/10 items

  â”€â”€â”€â”€â”€â”€â”€â”€â”€â”€â”€â”€â”€â”€â”€â”€â”€â”€â”€â”€â”€â”€â”€â”€â”€â”€â”€â”€â”€â”€â”€â”€â”€â”€â”€â”€â”€â”€â”€â”€â”€â”€â”€â”€â”€â”€â”€â”€â”€â”€â”€â”€â”€â”€â”€â”€â”€â”€â”€â”€â”€â”€â”€â”€â”€â”€â”€â”€â”€â”€â”€â”€â”€â”€â”€â”€â”€â”€â”€â”€â”€â”€â”€â”€â”€â”€â”€â”€â”€â”€â”€â”€â”€â”€â”€â”€â”€â”€â”€â”€â”€â”€â”€â”€â”€â”€â”€â”€â”€â”€
  COMPARISON:
  â”€â”€â”€â”€â”€â”€â”€â”€â”€â”€â”€â”€â”€â”€â”€â”€â”€â”€â”€â”€â”€â”€â”€â”€â”€â”€â”€â”€â”€â”€â”€â”€â”€â”€â”€â”€â”€â”€â”€â”€â”€â”€â”€â”€â”€â”€â”€â”€â”€â”€â”€â”€â”€â”€â”€â”€â”€â”€â”€â”€â”€â”€â”€â”€â”€â”€â”€â”€â”€â”€â”€â”€â”€â”€â”€â”€â”€â”€â”€â”€â”€â”€â”€â”€â”€â”€â”€â”€â”€â”€â”€â”€â”€â”€â”€â”€â”€â”€â”€â”€â”€â”€â”€â”€â”€â”€â”€â”€â”€â”€
    Pre-Filter:        6.57ms
    Post-Filter:      0.87ms
    Winner: Post-Filter (7.5x faster)
  â”€â”€â”€â”€â”€â”€â”€â”€â”€â”€â”€â”€â”€â”€â”€â”€â”€â”€â”€â”€â”€â”€â”€â”€â”€â”€â”€â”€â”€â”€â”€â”€â”€â”€â”€â”€â”€â”€â”€â”€â”€â”€â”€â”€â”€â”€â”€â”€â”€â”€â”€â”€â”€â”€â”€â”€â”€â”€â”€â”€â”€â”€â”€â”€â”€â”€â”€â”€â”€â”€â”€â”€â”€â”€â”€â”€â”€â”€â”€â”€â”€â”€â”€â”€â”€â”€â”€â”€â”€â”€â”€â”€â”€â”€â”€â”€â”€â”€â”€â”€â”€â”€â”€â”€â”€â”€â”€â”€â”€â”€

========================================================================================================================
TEST 7/7:  Numeric - NOT Cached (price > $333.33)
========================================================================================================================
  Type: numeric
  Cached: False
  Matching items: 160 (0.32%)
  Cache key: 'price>333.33'
  Actually in cache: False

  >>> STRATEGY 1: PRE-FILTER HNSW
      Total time: 0.60ms
      Results: 10/10 items

  >>> STRATEGY 2: POST-FILTER HNSW
      Total time: 0.85ms
      Results:  1/10 items

  â”€â”€â”€â”€â”€â”€â”€â”€â”€â”€â”€â”€â”€â”€â”€â”€â”€â”€â”€â”€â”€â”€â”€â”€â”€â”€â”€â”€â”€â”€â”€â”€â”€â”€â”€â”€â”€â”€â”€â”€â”€â”€â”€â”€â”€â”€â”€â”€â”€â”€â”€â”€â”€â”€â”€â”€â”€â”€â”€â”€â”€â”€â”€â”€â”€â”€â”€â”€â”€â”€â”€â”€â”€â”€â”€â”€â”€â”€â”€â”€â”€â”€â”€â”€â”€â”€â”€â”€â”€â”€â”€â”€â”€â”€â”€â”€â”€â”€â”€â”€â”€â”€â”€â”€â”€â”€â”€â”€â”€â”€
  COMPARISON:
  â”€â”€â”€â”€â”€â”€â”€â”€â”€â”€â”€â”€â”€â”€â”€â”€â”€â”€â”€â”€â”€â”€â”€â”€â”€â”€â”€â”€â”€â”€â”€â”€â”€â”€â”€â”€â”€â”€â”€â”€â”€â”€â”€â”€â”€â”€â”€â”€â”€â”€â”€â”€â”€â”€â”€â”€â”€â”€â”€â”€â”€â”€â”€â”€â”€â”€â”€â”€â”€â”€â”€â”€â”€â”€â”€â”€â”€â”€â”€â”€â”€â”€â”€â”€â”€â”€â”€â”€â”€â”€â”€â”€â”€â”€â”€â”€â”€â”€â”€â”€â”€â”€â”€â”€â”€â”€â”€â”€â”€â”€
    Pre-Filter:        0.60ms
    Post-Filter:      0.85ms
    Winner: Pre-Filter (1.4x faster)
  â”€â”€â”€â”€â”€â”€â”€â”€â”€â”€â”€â”€â”€â”€â”€â”€â”€â”€â”€â”€â”€â”€â”€â”€â”€â”€â”€â”€â”€â”€â”€â”€â”€â”€â”€â”€â”€â”€â”€â”€â”€â”€â”€â”€â”€â”€â”€â”€â”€â”€â”€â”€â”€â”€â”€â”€â”€â”€â”€â”€â”€â”€â”€â”€â”€â”€â”€â”€â”€â”€â”€â”€â”€â”€â”€â”€â”€â”€â”€â”€â”€â”€â”€â”€â”€â”€â”€â”€â”€â”€â”€â”€â”€â”€â”€â”€â”€â”€â”€â”€â”€â”€â”€â”€â”€â”€â”€â”€â”€â”€

========================================================================================================================
ðŸ“Š FINAL SUMMARY
========================================================================================================================

Test                                     | Type         | Cached   | Pre (ms)   | Post (ms)  | Winner          | Speedup 
------------------------------------------------------------------------------------------------------------------------
Categorical - Cached (Electronics)       | categorical  | False    |      1.54 |      1.63 | Pre-Filter      |    1.1x
Categorical - Cached (Computers)         | categorical  | False    |    635.95 |     66.60 | Post-Filter     |    9.5x
Categorical - NOT Cached (Rare)          | categorical  | False    |      1.56 |      0.71 | Post-Filter     |    2.2x
Numeric - Cached (price > $100)          | numeric      | True     |      0.20 |      1.12 | Pre-Filter      |    5.7x
Numeric - Cached (price > $200)          | numeric      | True     |      0.13 |      0.82 | Pre-Filter      |    6.2x
Numeric - NOT Cached (price > $137)      | numeric      | False    |      6.57 |      0.87 | Post-Filter     |    7.5x
Numeric - NOT Cached (price > $333.33)   | numeric      | False    |      0.60 |      0.85 | Pre-Filter      |    1.4x

========================================================================================================================
ðŸ“ˆ GROUPED ANALYSIS
========================================================================================================================

2. CATEGORICAL - NOT CACHED (3 tests):
   Pre-Filter avg:  213.01ms
   Post-Filter avg: 22.98ms
   Winner: Post-Filter

3. NUMERIC - CACHED (2 tests):
   Pre-Filter avg:  0.17ms
   Post-Filter avg: 0.97ms
   Winner: Pre-Filter

4. NUMERIC - NOT CACHED (2 tests):
   Pre-Filter avg:  3.58ms
   Post-Filter avg: 0.86ms
   Winner: Pre-Filter

========================================================================================================================
ðŸŽ¯ KEY CONCLUSIONS
========================================================================================================================

1. When Pre-Filter cache HIT:
   Pre-Filter wins: 2/2 tests
   Avg Pre-Filter:   0.17ms
   Avg Post-Filter: 0.97ms

2. When Pre-Filter cache MISS:
   Pre-Filter wins: 2/5 tests
   Avg Pre-Filter:  129.24ms
   Avg Post-Filter: 14.13ms

========================================================================================================================
Experiment complete! Results saved to:
  - Log:      experiment_results_20251217_211118.log
  - JSON:    experiment_results_20251217_211118.json
========================================================================================================================
