========================================================================================================================
COMPREHENSIVE EXPERIMENT: Pre-Filter vs Post-Filter
========================================================================================================================

Timestamp: 2025-12-17 21:13:43.965658
Log file: experiment_results_20251217_211343.log
Results file: experiment_results_20251217_211343.json

Testing:
  Strategies: Pre-Filter HNSW vs Post-Filter HNSW
  Filter Types:  Categorical vs Numeric
  Cache Status: Cached vs Not Cached
========================================================================================================================

[1/4] Initializing engine...

[2/4] Examining what's cached...

Cache Statistics:
  Total cached indexes: 9
  Categorical cached: 0
  Numeric cached: 9

  Categorical cache keys (first 10):

  Numeric cache keys:
    - price>25
    - price>50
    - price>75
    - price>100
    - price>150
    - price>200
    - price>300
    - price>500
    - price>1000

[3/4] Test query: 'high quality laptop computer'

[4/4] Running 7 test cases...
========================================================================================================================

========================================================================================================================
TEST 1/7:  Categorical - Cached (Electronics)
========================================================================================================================
  Type: categorical
  Cached: True
  Matching items: 8 (0.00%)
  Cache key: 'Electronics'
  Actually in cache: False

  >>> STRATEGY 1: PRE-FILTER HNSW
      ⚠️  NOT IN CACHE - Building temp index...
      Used flat search (subset < 1000)
      Total time: 66.06ms
      Results: 8/10 items

  >>> STRATEGY 2: POST-FILTER HNSW
      Total time: 14.11ms
      Results:  0/10 items

  ──────────────────────────────────────────────────────────────────────────────────────────────────────────────
  COMPARISON:
  ──────────────────────────────────────────────────────────────────────────────────────────────────────────────
    Pre-Filter:       66.06ms
    Post-Filter:     14.11ms
    Winner: Post-Filter (4.7x faster)
  ──────────────────────────────────────────────────────────────────────────────────────────────────────────────

========================================================================================================================
TEST 2/7:  Categorical - Cached (Computers)
========================================================================================================================
  Type: categorical
  Cached: True
  Matching items: 244,659 (31.11%)
  Cache key: 'Computers'
  Actually in cache: False

  >>> STRATEGY 1: PRE-FILTER HNSW
      ⚠️  NOT IN CACHE - Building temp index...
      Built temp HNSW:  7326.5ms
      Total time: 693755.10ms
      Results: 10/10 items

  >>> STRATEGY 2: POST-FILTER HNSW
      Total time: 3810.24ms
      Results:  10/10 items

  ──────────────────────────────────────────────────────────────────────────────────────────────────────────────
  COMPARISON:
  ──────────────────────────────────────────────────────────────────────────────────────────────────────────────
    Pre-Filter:     693755.10ms
    Post-Filter:   3810.24ms
    Winner: Post-Filter (182.1x faster)
  ──────────────────────────────────────────────────────────────────────────────────────────────────────────────

========================================================================================================================
TEST 3/7:  Categorical - NOT Cached (Rare)
========================================================================================================================
  Type: categorical
  Cached: False
  Matching items: 0 (0.00%)
  Cache key: 'RareTestAttribute999'
  Actually in cache: False

  >>> STRATEGY 1: PRE-FILTER HNSW
      ⚠️  NOT IN CACHE - Building temp index...
      No matching items - skipping index build
      Total time: 30.50ms
      Results: 0/10 items

  >>> STRATEGY 2: POST-FILTER HNSW
      Total time: 8.87ms
      Results:  0/10 items

  ──────────────────────────────────────────────────────────────────────────────────────────────────────────────
  COMPARISON:
  ──────────────────────────────────────────────────────────────────────────────────────────────────────────────
    Pre-Filter:       30.50ms
    Post-Filter:      8.87ms
    Winner: Post-Filter (3.4x faster)
  ──────────────────────────────────────────────────────────────────────────────────────────────────────────────

========================================================================================================================
TEST 4/7:  Numeric - Cached (price > $100)
========================================================================================================================
  Type: numeric
  Cached: True
  Matching items: 14,584 (1.85%)
  Cache key: 'price>100'
  Actually in cache: True

  >>> STRATEGY 1: PRE-FILTER HNSW
      Total time: 2.34ms
      Results: 10/10 items

  >>> STRATEGY 2: POST-FILTER HNSW
      Total time: 6.96ms
      Results:  10/10 items

  ──────────────────────────────────────────────────────────────────────────────────────────────────────────────
  COMPARISON:
  ──────────────────────────────────────────────────────────────────────────────────────────────────────────────
    Pre-Filter:        2.34ms
    Post-Filter:      6.96ms
    Winner: Pre-Filter (3.0x faster)
  ──────────────────────────────────────────────────────────────────────────────────────────────────────────────

========================================================================================================================
TEST 5/7:  Numeric - Cached (price > $200)
========================================================================================================================
  Type: numeric
  Cached: True
  Matching items: 7,216 (0.92%)
  Cache key: 'price>200'
  Actually in cache: True

  >>> STRATEGY 1: PRE-FILTER HNSW
      Total time: 13.86ms
      Results: 10/10 items

  >>> STRATEGY 2: POST-FILTER HNSW
      Total time: 10.74ms
      Results:  10/10 items

  ──────────────────────────────────────────────────────────────────────────────────────────────────────────────
  COMPARISON:
  ──────────────────────────────────────────────────────────────────────────────────────────────────────────────
    Pre-Filter:       13.86ms
    Post-Filter:     10.74ms
    Winner: Post-Filter (1.3x faster)
  ──────────────────────────────────────────────────────────────────────────────────────────────────────────────

========================================================================================================================
TEST 6/7:  Numeric - NOT Cached (price > $137)
========================================================================================================================
  Type: numeric
  Cached: False
  Matching items: 11,227 (1.43%)
  Cache key: 'price>137'
  Actually in cache: False

  >>> STRATEGY 1: PRE-FILTER HNSW
      Total time: 1995.72ms
      Results: 10/10 items

  >>> STRATEGY 2: POST-FILTER HNSW
      Total time: 6.82ms
      Results:  10/10 items

  ──────────────────────────────────────────────────────────────────────────────────────────────────────────────
  COMPARISON:
  ──────────────────────────────────────────────────────────────────────────────────────────────────────────────
    Pre-Filter:     1995.72ms
    Post-Filter:      6.82ms
    Winner: Post-Filter (292.6x faster)
  ──────────────────────────────────────────────────────────────────────────────────────────────────────────────

========================================================================================================================
TEST 7/7:  Numeric - NOT Cached (price > $333.33)
========================================================================================================================
  Type: numeric
  Cached: False
  Matching items: 4,049 (0.51%)
  Cache key: 'price>333.33'
  Actually in cache: False

  >>> STRATEGY 1: PRE-FILTER HNSW
      Total time: 292.29ms
      Results: 10/10 items

  >>> STRATEGY 2: POST-FILTER HNSW
      Total time: 6.76ms
      Results:  10/10 items

  ──────────────────────────────────────────────────────────────────────────────────────────────────────────────
  COMPARISON:
  ──────────────────────────────────────────────────────────────────────────────────────────────────────────────
    Pre-Filter:      292.29ms
    Post-Filter:      6.76ms
    Winner: Post-Filter (43.3x faster)
  ──────────────────────────────────────────────────────────────────────────────────────────────────────────────

========================================================================================================================
📊 FINAL SUMMARY
========================================================================================================================

Test                                     | Type         | Cached   | Pre (ms)   | Post (ms)  | Winner          | Speedup 
------------------------------------------------------------------------------------------------------------------------
Categorical - Cached (Electronics)       | categorical  | False    |     66.06 |     14.11 | Post-Filter     |    4.7x
Categorical - Cached (Computers)         | categorical  | False    | 693755.10 |   3810.24 | Post-Filter     |  182.1x
Categorical - NOT Cached (Rare)          | categorical  | False    |     30.50 |      8.87 | Post-Filter     |    3.4x
Numeric - Cached (price > $100)          | numeric      | True     |      2.34 |      6.96 | Pre-Filter      |    3.0x
Numeric - Cached (price > $200)          | numeric      | True     |     13.86 |     10.74 | Post-Filter     |    1.3x
Numeric - NOT Cached (price > $137)      | numeric      | False    |   1995.72 |      6.82 | Post-Filter     |  292.6x
Numeric - NOT Cached (price > $333.33)   | numeric      | False    |    292.29 |      6.76 | Post-Filter     |   43.3x

========================================================================================================================
📈 GROUPED ANALYSIS
========================================================================================================================

2. CATEGORICAL - NOT CACHED (3 tests):
   Pre-Filter avg:  231283.89ms
   Post-Filter avg: 1277.74ms
   Winner: Post-Filter

3. NUMERIC - CACHED (2 tests):
   Pre-Filter avg:  8.10ms
   Post-Filter avg: 8.85ms
   Winner: Pre-Filter

4. NUMERIC - NOT CACHED (2 tests):
   Pre-Filter avg:  1144.01ms
   Post-Filter avg: 6.79ms
   Winner: Post-Filter

========================================================================================================================
🎯 KEY CONCLUSIONS
========================================================================================================================

1. When Pre-Filter cache HIT:
   Pre-Filter wins: 1/2 tests
   Avg Pre-Filter:   8.10ms
   Avg Post-Filter: 8.85ms

2. When Pre-Filter cache MISS:
   Pre-Filter wins: 0/5 tests
   Avg Pre-Filter:  139227.93ms
   Avg Post-Filter: 769.36ms

========================================================================================================================
Experiment complete! Results saved to:
  - Log:      experiment_results_20251217_211343.log
  - JSON:    experiment_results_20251217_211343.json
========================================================================================================================
